[0m19:39:59.719508 [debug] [MainThread]: Sending event: {'category': 'dbt', 'action': 'invocation', 'label': 'start', 'context': [<snowplow_tracker.self_describing_json.SelfDescribingJson object at 0x10704c280>, <snowplow_tracker.self_describing_json.SelfDescribingJson object at 0x109477bb0>, <snowplow_tracker.self_describing_json.SelfDescribingJson object at 0x1094b36a0>]}


============================== 19:39:59.731213 | 47c5a1b5-11db-4b7e-8581-24fb7ad27126 ==============================
[0m19:39:59.731213 [info ] [MainThread]: Running with dbt=1.8.2
[0m19:39:59.731644 [debug] [MainThread]: running dbt with arguments {'printer_width': '80', 'indirect_selection': 'eager', 'write_json': 'True', 'log_cache_events': 'False', 'partial_parse': 'True', 'cache_selected_only': 'False', 'warn_error': 'None', 'version_check': 'True', 'fail_fast': 'False', 'log_path': 'logs', 'debug': 'False', 'profiles_dir': '/Users/shevgooradithyakamath/.dbt', 'use_colors': 'True', 'use_experimental_parser': 'False', 'no_print': 'None', 'quiet': 'False', 'log_format': 'default', 'introspect': 'True', 'static_parser': 'True', 'warn_error_options': 'WarnErrorOptions(include=[], exclude=[])', 'target_path': 'None', 'invocation_command': 'dbt init', 'send_anonymous_usage_stats': 'True'}
[0m19:39:59.824764 [warn ] [MainThread]: [ConfigFolderDirectory]: Unable to parse dict {'dir': PosixPath('/Users/shevgooradithyakamath/.dbt')}
[0m19:39:59.825171 [info ] [MainThread]: Creating dbt configuration folder at 
[0m19:40:10.248815 [debug] [MainThread]: Starter project path: /Users/shevgooradithyakamath/Documents/GitProjects/ansible-service/venv/lib/python3.8/site-packages/dbt/include/starter_project
[0m19:40:10.329583 [info ] [MainThread]: 
Your new dbt project "snowflake" was created!

For more information on how to configure the profiles.yml file,
please consult the dbt documentation here:

  https://docs.getdbt.com/docs/configure-your-profile

One more thing:

Need help? Don't hesitate to reach out to us via GitHub issues or on Slack:

  https://community.getdbt.com/

Happy modeling!

[0m19:40:10.330178 [info ] [MainThread]: Setting up your profile.
[0m19:41:16.352090 [info ] [MainThread]: Profile snowflake written to /Users/shevgooradithyakamath/.dbt/profiles.yml using target's profile_template.yml and your supplied values. Run 'dbt debug' to validate the connection.
[0m19:41:16.395474 [debug] [MainThread]: Resource report: {"command_name": "init", "command_success": true, "command_wall_clock_time": 76.73531, "process_user_time": 3.436522, "process_kernel_time": 2.374071, "process_mem_max_rss": "141328384", "process_in_blocks": "0", "process_out_blocks": "0"}
[0m19:41:16.396585 [debug] [MainThread]: Command `dbt init` succeeded at 19:41:16.396400 after 76.74 seconds
[0m19:41:16.397329 [debug] [MainThread]: Sending event: {'category': 'dbt', 'action': 'invocation', 'label': 'end', 'context': [<snowplow_tracker.self_describing_json.SelfDescribingJson object at 0x10704c280>, <snowplow_tracker.self_describing_json.SelfDescribingJson object at 0x1094a61c0>, <snowplow_tracker.self_describing_json.SelfDescribingJson object at 0x10952c730>]}
[0m19:41:16.398033 [debug] [MainThread]: Flushing usage events


============================== 2024-07-01 10:47:00.903146 | a45fb3e3-e21f-4e5d-bb75-8bbf3069b4e0 ==============================
[0m10:47:00.903146 [info ] [MainThread]: Running with dbt=1.4.0
[0m10:47:00.903875 [debug] [MainThread]: running dbt with arguments {'write_json': True, 'use_colors': True, 'printer_width': 80, 'version_check': True, 'partial_parse': True, 'static_parser': True, 'profiles_dir': '/Users/shevgooradithyakamath/.dbt', 'send_anonymous_usage_stats': True, 'quiet': False, 'no_print': False, 'cache_selected_only': False, 'skip_profile_setup': False, 'which': 'init', 'indirect_selection': 'eager'}
[0m10:47:00.903982 [debug] [MainThread]: Tracking: tracking
[0m10:47:00.912903 [debug] [MainThread]: Sending event: {'category': 'dbt', 'action': 'invocation', 'label': 'start', 'context': [<snowplow_tracker.self_describing_json.SelfDescribingJson object at 0x1048fd850>, <snowplow_tracker.self_describing_json.SelfDescribingJson object at 0x1048e51c0>, <snowplow_tracker.self_describing_json.SelfDescribingJson object at 0x1048e5f40>]}
[0m10:47:00.915471 [debug] [MainThread]: Flushing usage events


============================== 2024-08-05 09:20:22.901433 | 7c8d4d58-2581-4cc9-937e-653c81baecfc ==============================
[0m09:20:22.901433 [info ] [MainThread]: Running with dbt=1.4.5
[0m09:20:22.902336 [debug] [MainThread]: running dbt with arguments {'write_json': True, 'use_colors': True, 'printer_width': 80, 'version_check': True, 'partial_parse': True, 'static_parser': True, 'profiles_dir': '/Users/shevgooradithyakamath/.dbt', 'send_anonymous_usage_stats': True, 'quiet': False, 'no_print': False, 'cache_selected_only': False, 'skip_profile_setup': False, 'which': 'init', 'indirect_selection': 'eager'}
[0m09:20:22.902458 [debug] [MainThread]: Tracking: tracking
[0m09:20:22.914015 [debug] [MainThread]: Sending event: {'category': 'dbt', 'action': 'invocation', 'label': 'start', 'context': [<snowplow_tracker.self_describing_json.SelfDescribingJson object at 0x1040c5520>, <snowplow_tracker.self_describing_json.SelfDescribingJson object at 0x1040efb20>, <snowplow_tracker.self_describing_json.SelfDescribingJson object at 0x1040f4bb0>]}
[0m09:21:00.265571 [debug] [MainThread]: Starter project path: /Users/shevgooradithyakamath/dbt/lib/python3.8/site-packages/dbt/include/starter_project
[0m09:23:58.743295 [info ] [MainThread]: Profile test_dbt_opy written to /Users/shevgooradithyakamath/.dbt/profiles.yml using target's profile_template.yml and your supplied values. Run 'dbt debug' to validate the connection.
[0m09:23:58.744782 [info ] [MainThread]: 
Your new dbt project "test_dbt_opy" was created!

For more information on how to configure the profiles.yml file,
please consult the dbt documentation here:

  https://docs.getdbt.com/docs/configure-your-profile

One more thing:

Need help? Don't hesitate to reach out to us via GitHub issues or on Slack:

  https://community.getdbt.com/

Happy modeling!

[0m09:23:58.745940 [debug] [MainThread]: Sending event: {'category': 'dbt', 'action': 'invocation', 'label': 'end', 'context': [<snowplow_tracker.self_describing_json.SelfDescribingJson object at 0x1040c5520>, <snowplow_tracker.self_describing_json.SelfDescribingJson object at 0x105690e50>, <snowplow_tracker.self_describing_json.SelfDescribingJson object at 0x105690e80>]}
[0m09:23:58.746757 [debug] [MainThread]: Flushing usage events


============================== 2024-08-05 10:14:37.560060 | 377b2251-0a99-4683-9405-d1c5ff02bcb4 ==============================
[0m10:14:37.560060 [info ] [MainThread]: Running with dbt=1.4.5
[0m10:14:37.561143 [debug] [MainThread]: running dbt with arguments {'write_json': True, 'use_colors': True, 'printer_width': 80, 'version_check': True, 'partial_parse': True, 'static_parser': True, 'profiles_dir': '/Users/shevgooradithyakamath/.dbt', 'send_anonymous_usage_stats': True, 'quiet': False, 'no_print': False, 'cache_selected_only': False, 'skip_profile_setup': False, 'which': 'init', 'indirect_selection': 'eager'}
[0m10:14:37.561249 [debug] [MainThread]: Tracking: tracking
[0m10:14:37.568924 [debug] [MainThread]: Sending event: {'category': 'dbt', 'action': 'invocation', 'label': 'start', 'context': [<snowplow_tracker.self_describing_json.SelfDescribingJson object at 0x107278550>, <snowplow_tracker.self_describing_json.SelfDescribingJson object at 0x10728f190>, <snowplow_tracker.self_describing_json.SelfDescribingJson object at 0x1072ac670>]}
[0m10:14:41.713815 [debug] [MainThread]: Sending event: {'category': 'dbt', 'action': 'invocation', 'label': 'end', 'context': [<snowplow_tracker.self_describing_json.SelfDescribingJson object at 0x1072ac670>, <snowplow_tracker.self_describing_json.SelfDescribingJson object at 0x1072aca60>, <snowplow_tracker.self_describing_json.SelfDescribingJson object at 0x1072780d0>]}
[0m10:14:41.714511 [debug] [MainThread]: Flushing usage events
[0m10:14:42.388607 [info ] [MainThread]: ctrl-c
[0m23:01:36.081765 [debug] [MainThread]: Sending event: {'category': 'dbt', 'action': 'invocation', 'label': 'start', 'context': [<snowplow_tracker.self_describing_json.SelfDescribingJson object at 0x1069def00>, <snowplow_tracker.self_describing_json.SelfDescribingJson object at 0x106a41fa0>, <snowplow_tracker.self_describing_json.SelfDescribingJson object at 0x1091580b0>]}


============================== 23:01:36.092828 | d1f10285-fa8c-413a-8c2e-ad57f8b88f80 ==============================
[0m23:01:36.092828 [info ] [MainThread]: Running with dbt=1.8.5
[0m23:01:36.093450 [debug] [MainThread]: running dbt with arguments {'printer_width': '80', 'indirect_selection': 'eager', 'write_json': 'True', 'log_cache_events': 'False', 'partial_parse': 'True', 'cache_selected_only': 'False', 'warn_error': 'None', 'debug': 'False', 'version_check': 'True', 'log_path': 'logs', 'fail_fast': 'False', 'profiles_dir': '/Users/shevgooradithyakamath/.dbt', 'use_colors': 'True', 'use_experimental_parser': 'False', 'no_print': 'None', 'quiet': 'False', 'empty': 'None', 'warn_error_options': 'WarnErrorOptions(include=[], exclude=[])', 'invocation_command': 'dbt init', 'static_parser': 'True', 'introspect': 'True', 'target_path': 'None', 'log_format': 'default', 'send_anonymous_usage_stats': 'True'}
[0m23:02:33.016405 [debug] [MainThread]: Starter project path: /Users/shevgooradithyakamath/dbt1.8/lib/python3.12/site-packages/dbt/include/starter_project
[0m23:02:33.143631 [info ] [MainThread]: 
Your new dbt project "candy" was created!

For more information on how to configure the profiles.yml file,
please consult the dbt documentation here:

  https://docs.getdbt.com/docs/configure-your-profile

One more thing:

Need help? Don't hesitate to reach out to us via GitHub issues or on Slack:

  https://community.getdbt.com/

Happy modeling!

[0m23:02:33.144542 [info ] [MainThread]: Setting up your profile.
[0m23:02:42.346451 [debug] [MainThread]: Redshift adapter: Setting redshift_connector to ERROR
[0m23:02:42.347357 [debug] [MainThread]: Redshift adapter: Setting redshift_connector.core to ERROR
[0m23:03:38.806752 [info ] [MainThread]: Profile candy written to /Users/shevgooradithyakamath/.dbt/profiles.yml using target's profile_template.yml and your supplied values. Run 'dbt debug' to validate the connection.
[0m23:03:38.857396 [debug] [MainThread]: Resource report: {"command_name": "init", "command_success": true, "command_wall_clock_time": 122.90682, "process_user_time": 2.153396, "process_kernel_time": 0.999312, "process_mem_max_rss": "92880896", "process_in_blocks": "0", "process_out_blocks": "0"}
[0m23:03:38.858610 [debug] [MainThread]: Command `dbt init` succeeded at 23:03:38.858402 after 122.91 seconds
[0m23:03:38.859651 [debug] [MainThread]: Sending event: {'category': 'dbt', 'action': 'invocation', 'label': 'end', 'context': [<snowplow_tracker.self_describing_json.SelfDescribingJson object at 0x107f5d370>, <snowplow_tracker.self_describing_json.SelfDescribingJson object at 0x10984ee40>, <snowplow_tracker.self_describing_json.SelfDescribingJson object at 0x1091f3e30>]}
[0m23:03:38.860368 [debug] [MainThread]: Flushing usage events
[0m23:03:54.389211 [debug] [MainThread]: Sending event: {'category': 'dbt', 'action': 'invocation', 'label': 'start', 'context': [<snowplow_tracker.self_describing_json.SelfDescribingJson object at 0x1054c3680>, <snowplow_tracker.self_describing_json.SelfDescribingJson object at 0x105cbcf50>, <snowplow_tracker.self_describing_json.SelfDescribingJson object at 0x108af3fe0>]}


============================== 23:03:54.394355 | 81d06370-f748-4b74-a4cc-15729581809c ==============================
[0m23:03:54.394355 [info ] [MainThread]: Running with dbt=1.8.5
[0m23:03:54.394724 [debug] [MainThread]: running dbt with arguments {'printer_width': '80', 'indirect_selection': 'eager', 'write_json': 'True', 'log_cache_events': 'False', 'partial_parse': 'True', 'cache_selected_only': 'False', 'warn_error': 'None', 'version_check': 'True', 'profiles_dir': '/Users/shevgooradithyakamath/.dbt', 'log_path': 'logs', 'debug': 'False', 'fail_fast': 'False', 'use_colors': 'True', 'use_experimental_parser': 'False', 'no_print': 'None', 'quiet': 'False', 'empty': 'None', 'log_format': 'default', 'invocation_command': 'dbt debug', 'introspect': 'True', 'static_parser': 'True', 'target_path': 'None', 'warn_error_options': 'WarnErrorOptions(include=[], exclude=[])', 'send_anonymous_usage_stats': 'True'}
[0m23:03:54.441909 [info ] [MainThread]: dbt version: 1.8.5
[0m23:03:54.442168 [info ] [MainThread]: python version: 3.12.5
[0m23:03:54.442311 [info ] [MainThread]: python path: /Users/shevgooradithyakamath/dbt1.8/bin/python
[0m23:03:54.442440 [info ] [MainThread]: os info: macOS-14.6.1-arm64-arm-64bit
[0m23:03:54.762627 [debug] [MainThread]: Redshift adapter: Setting redshift_connector to ERROR
[0m23:03:54.762921 [debug] [MainThread]: Redshift adapter: Setting redshift_connector.core to ERROR
[0m23:04:11.979257 [info ] [MainThread]: Error importing adapter: No module named 'dbt.adapters.mysql'
[0m23:04:11.993821 [info ] [MainThread]: Using profiles dir at /Users/shevgooradithyakamath/.dbt
[0m23:04:11.994152 [info ] [MainThread]: Using profiles.yml file at /Users/shevgooradithyakamath/.dbt/profiles.yml
[0m23:04:11.994356 [info ] [MainThread]: Using dbt_project.yml file at /Users/shevgooradithyakamath/Documents/GitProjects/dbt/dbt_project.yml
[0m23:04:11.994568 [info ] [MainThread]: Configuration:
[0m23:04:11.994735 [info ] [MainThread]:   profiles.yml file [[31mERROR invalid[0m]
[0m23:04:11.994900 [info ] [MainThread]:   dbt_project.yml file [[31mERROR not found[0m]
[0m23:04:11.995061 [info ] [MainThread]: Required dependencies:
[0m23:04:11.995401 [debug] [MainThread]: Executing "git --help"
[0m23:04:12.054345 [debug] [MainThread]: STDOUT: "b"usage: git [-v | --version] [-h | --help] [-C <path>] [-c <name>=<value>]\n           [--exec-path[=<path>]] [--html-path] [--man-path] [--info-path]\n           [-p | --paginate | -P | --no-pager] [--no-replace-objects] [--bare]\n           [--git-dir=<path>] [--work-tree=<path>] [--namespace=<name>]\n           [--super-prefix=<path>] [--config-env=<name>=<envvar>]\n           <command> [<args>]\n\nThese are common Git commands used in various situations:\n\nstart a working area (see also: git help tutorial)\n   clone     Clone a repository into a new directory\n   init      Create an empty Git repository or reinitialize an existing one\n\nwork on the current change (see also: git help everyday)\n   add       Add file contents to the index\n   mv        Move or rename a file, a directory, or a symlink\n   restore   Restore working tree files\n   rm        Remove files from the working tree and from the index\n\nexamine the history and state (see also: git help revisions)\n   bisect    Use binary search to find the commit that introduced a bug\n   diff      Show changes between commits, commit and working tree, etc\n   grep      Print lines matching a pattern\n   log       Show commit logs\n   show      Show various types of objects\n   status    Show the working tree status\n\ngrow, mark and tweak your common history\n   branch    List, create, or delete branches\n   commit    Record changes to the repository\n   merge     Join two or more development histories together\n   rebase    Reapply commits on top of another base tip\n   reset     Reset current HEAD to the specified state\n   switch    Switch branches\n   tag       Create, list, delete or verify a tag object signed with GPG\n\ncollaborate (see also: git help workflows)\n   fetch     Download objects and refs from another repository\n   pull      Fetch from and integrate with another repository or a local branch\n   push      Update remote refs along with associated objects\n\n'git help -a' and 'git help -g' list available subcommands and some\nconcept guides. See 'git help <command>' or 'git help <concept>'\nto read about a specific subcommand or concept.\nSee 'git help git' for an overview of the system.\n""
[0m23:04:12.054979 [debug] [MainThread]: STDERR: "b''"
[0m23:04:12.055206 [info ] [MainThread]:  - git [[32mOK found[0m]

[0m23:04:12.055432 [info ] [MainThread]: Connection test skipped since no profile was found
[0m23:04:12.055721 [info ] [MainThread]: [31m2 checks failed:[0m
[0m23:04:12.055899 [info ] [MainThread]: Could not load dbt_project.yml
Profile loading failed for the following reason:
Runtime Error
  Credentials in profile "test_dbt", target "dev" invalid: Runtime Error
    Could not find adapter type mysql!

Runtime Error
  Credentials in profile "test_dbt2", target "dev" invalid: 'host' is a required property


[0m23:04:12.056073 [info ] [MainThread]: Project loading failed for the following reason:
 project path </Users/shevgooradithyakamath/Documents/GitProjects/dbt/dbt_project.yml> not found

[0m23:04:12.059021 [debug] [MainThread]: Resource report: {"command_name": "debug", "command_wall_clock_time": 17.755442, "process_user_time": 2.591572, "process_kernel_time": 2.024237, "process_mem_max_rss": "173195264", "command_success": false, "process_in_blocks": "0", "process_out_blocks": "0"}
[0m23:04:12.059640 [debug] [MainThread]: Command `dbt debug` failed at 23:04:12.059538 after 17.76 seconds
[0m23:04:12.060106 [debug] [MainThread]: Sending event: {'category': 'dbt', 'action': 'invocation', 'label': 'end', 'context': [<snowplow_tracker.self_describing_json.SelfDescribingJson object at 0x1050a7c20>, <snowplow_tracker.self_describing_json.SelfDescribingJson object at 0x10820e8a0>, <snowplow_tracker.self_describing_json.SelfDescribingJson object at 0x11c3be030>]}
[0m23:04:12.060413 [debug] [MainThread]: Flushing usage events
